<?xml version="1.0" encoding="UTF-8"?>
<!-- Generated by org.testng.reporters.JUnitReportReporter -->
<testsuite hostname="DESKTOP-HNJNDEC" failures="0" tests="2" name="gsh.registry.AddNewPatientTest" time="10.461" errors="0" timestamp="2022-11-19T09:11:04 IST" skipped="0">
  <testcase classname="gsh.registry.AddNewPatientTest" name="validationOnAddNewPatient" time="3.181"/>
  <system-out/>
  <testcase classname="gsh.registry.AddNewPatientTest" name="cancelToaddPatient" time="7.280"/>
  <system-out/>
</testsuite> <!-- gsh.registry.AddNewPatientTest -->
