<?xml version="1.0" encoding="UTF-8"?>
<!-- Generated by org.testng.reporters.JUnitReportReporter -->
<testsuite hostname="DESKTOP-HNJNDEC" failures="0" tests="1" name="TestRunner.TestNGRunner" time="12.338" errors="0" timestamp="2022-11-26T10:33:01 IST" skipped="0">
  <testcase classname="TestRunner.TestNGRunner" name="runScenario" time="12.338"/>
  <system-out/>
</testsuite> <!-- TestRunner.TestNGRunner -->
