<?xml version="1.0" encoding="UTF-8"?>
<!-- Generated by org.testng.reporters.JUnitReportReporter -->
<testsuite hostname="DESKTOP-HNJNDEC" failures="0" tests="1" name="gsh.registry.UnderEvalTestMgmt" time="13.052" errors="0" timestamp="2022-11-23T17:55:00 IST" skipped="0">
  <testcase classname="gsh.registry.UnderEvalTestMgmt" name="testAssgined" time="13.052"/>
  <system-out/>
</testsuite> <!-- gsh.registry.UnderEvalTestMgmt -->
