<?xml version="1.0" encoding="UTF-8"?>
<!-- Generated by org.testng.reporters.JUnitReportReporter -->
<testsuite hostname="DESKTOP-HNJNDEC" failures="0" tests="2" name="gsh.registry.AddNewPatient" time="19.766" errors="0" timestamp="2022-11-23T17:55:00 IST" skipped="0">
  <testcase classname="gsh.registry.AddNewPatient" name="AddNewPatientValidation" time="8.869"/>
  <system-out/>
  <testcase classname="gsh.registry.AddNewPatient" name="AddNewPatientValidation" time="10.897"/>
  <system-out/>
</testsuite> <!-- gsh.registry.AddNewPatient -->
